\BOOKMARK [0][-]{chapter.1}{\376\377\226\306\124\010}{}% 1
\BOOKMARK [1][-]{section.1.1}{\376\377\226\306\124\010\123\312\121\166\217\320\173\227}{chapter.1}% 2
\BOOKMARK [1][-]{section.1.2}{\376\377\226\306\124\010\121\103\175\040\166\204\116\052\145\160}{chapter.1}% 3
\BOOKMARK [1][-]{section.1.3}{\376\377\133\120\226\306\166\204\140\047\215\050}{chapter.1}% 4
\BOOKMARK [0][-]{chapter.2}{\376\377\121\375\145\160}{}% 5
\BOOKMARK [1][-]{section.2.1}{\376\377\121\375\145\160\166\204\147\201\120\074}{chapter.2}% 6
\BOOKMARK [2][-]{subsection.2.1.1}{\376\377\140\122\173\111\123\330\137\142}{section.2.1}% 7
\BOOKMARK [2][-]{subsection.2.1.2}{\376\377\121\110\163\034\124\016\121\321\116\016\221\115\145\271\117\060\213\241}{section.2.1}% 8
\BOOKMARK [2][-]{subsection.2.1.3}{\376\377\122\051\165\050\121\375\145\160\166\204\140\047\215\050}{section.2.1}% 9
\BOOKMARK [2][-]{subsection.2.1.4}{\376\377\176\374\124\010\176\303\116\140}{section.2.1}% 10
\BOOKMARK [1][-]{section.2.2}{\376\377\116\214\153\041\121\375\145\160\166\370\121\163\225\356\230\230}{chapter.2}% 11
\BOOKMARK [2][-]{subsection.2.2.1}{\376\377\123\302\123\330\116\222\143\142}{section.2.2}% 12
\BOOKMARK [2][-]{subsection.2.2.2}{\376\377\214\003\145\164}{section.2.2}% 13
\BOOKMARK [0][-]{chapter.3}{\376\377\116\011\211\322\121\375\145\160}{}% 14
\BOOKMARK [0][-]{chapter.4}{\376\377\136\163\227\142\124\021\221\317}{}% 15
\BOOKMARK [0][-]{chapter.5}{\376\377\131\015\145\160}{}% 16
\BOOKMARK [0][-]{chapter.6}{\376\377\145\160\122\027}{}% 17
\BOOKMARK [0][-]{chapter.7}{\376\377\147\201\226\120\116\016\133\374\145\160}{}% 18
\BOOKMARK [0][-]{chapter.8}{\376\377\116\015\173\111\137\017}{}% 19
\BOOKMARK [0][-]{chapter.9}{\376\377\151\202\163\207\176\337\213\241\116\016\213\241\145\160}{}% 20
\BOOKMARK [0][-]{chapter.10}{\376\377\211\343\147\220\121\340\117\125}{}% 21
\BOOKMARK [0][-]{chapter.11}{\376\377\172\313\117\123\121\340\117\125}{}% 22
