\BOOKMARK [-1][]{part.1}{\376\377\173\054\116\000\220\350\122\006\000\040\230\204\131\007\173\307}{}% 1
\BOOKMARK [0][]{chapter.0}{\376\377\0000\000\040\145\160\164\006\220\073\217\221}{part.1}% 2
\BOOKMARK [0][]{chapter.1}{\376\377\0001\000\040\116\343\145\160\123\330\143\142\127\372\170\100}{part.1}% 3
\BOOKMARK [1][]{section.1.1}{\376\377\0001\000.\0001\000\040\131\032\230\171\137\017\166\204\151\202\137\365}{chapter.1}% 4
\BOOKMARK [1][]{section.1.2}{\376\377\0001\000.\0002\000\040\131\032\230\171\137\017\166\204\150\071\116\016\000V\000i\000e\000t\000a\133\232\164\006}{chapter.1}% 5
\BOOKMARK [1][]{section.1.3}{\376\377\0001\000.\0003\000\040\145\164\137\017\140\122\173\111\123\330\137\142}{chapter.1}% 6
\BOOKMARK [1][]{section.1.4}{\376\377\0001\000.\0004\000\040\173\200\123\125\166\204\116\015\173\111\137\017}{chapter.1}% 7
\BOOKMARK [1][]{section.1.5}{\376\377\0001\000.\0005\000\040\154\102\124\214\173\046\123\367}{chapter.1}% 8
\BOOKMARK [0][]{chapter.2}{\376\377\0002\000\040\145\160\127\337\116\016\217\320\173\227}{part.1}% 9
\BOOKMARK [1][]{section.2.1}{\376\377\0002\000.\0001\000\040\131\015\145\160\122\035\153\145}{chapter.2}% 10
\BOOKMARK [1][]{section.2.2}{\376\377\0002\000.\0002\000\040\133\371\145\160\217\320\173\227}{chapter.2}% 11
\BOOKMARK [-1][]{part.2}{\376\377\173\054\116\214\220\350\122\006\000\040\127\372\170\100\173\307}{}% 12
\BOOKMARK [0][]{chapter.1}{\376\377\0001\000\040\226\306\124\010}{part.2}% 13
\BOOKMARK [1][]{section.1.1}{\376\377\0001\000.\0001\000\040\226\306\124\010\166\204\151\202\137\365}{chapter.1}% 14
\BOOKMARK [1][]{section.1.2}{\376\377\0001\000.\0002\000\040\226\306\124\010\225\364\166\204\217\320\173\227\116\016\217\320\173\227\137\213}{chapter.1}% 15
\BOOKMARK [1][]{section.1.3}{\376\377\0001\000.\0003\000\040\226\306\124\010\121\103\175\040\166\204\116\052\145\160}{chapter.1}% 16
\BOOKMARK [0][]{chapter.2}{\376\377\0002\000\040\121\375\145\160}{part.2}% 17
\BOOKMARK [1][]{section.2.1}{\376\377\0002\000.\0001\000\040\146\040\134\004\116\016\121\375\145\160}{chapter.2}% 18
\BOOKMARK [1][]{section.2.2}{\376\377\0002\000.\0002\000\040\136\070\211\301\122\035\173\111\121\375\145\160}{chapter.2}% 19
\BOOKMARK [2][]{subsection.2.2.1}{\376\377\0002\000.\0002\000.\0001\000\040\116\214\153\041\121\375\145\160}{section.2.2}% 20
\BOOKMARK [2][]{subsection.2.2.2}{\376\377\0002\000.\0002\000.\0002\000\040\133\371\122\376\121\375\145\160}{section.2.2}% 21
\BOOKMARK [2][]{subsection.2.2.3}{\376\377\0002\000.\0002\000.\0003\000\040\136\070\120\074\121\375\145\160\060\001\143\007\145\160\121\375\145\160\060\001\136\102\121\375\145\160\060\001\133\371\145\160\121\375\145\160}{section.2.2}% 22
\BOOKMARK [2][]{subsection.2.2.4}{\376\377\0002\000.\0002\000.\0004\000\040\116\011\211\322\121\375\145\160\116\016\123\314\146\362\121\375\145\160}{section.2.2}% 23
\BOOKMARK [1][]{section.2.3}{\376\377\0002\000.\0003\000\040\121\375\145\160\166\204\140\047\215\050}{chapter.2}% 24
\BOOKMARK [2][]{subsection.2.3.1}{\376\377\0002\000.\0003\000.\0001\000\040\123\125\214\003\140\047}{section.2.3}% 25
\BOOKMARK [2][]{subsection.2.3.2}{\376\377\0002\000.\0003\000.\0002\000\040\131\107\120\166\140\047}{section.2.3}% 26
\BOOKMARK [2][]{subsection.2.3.3}{\376\377\0002\000.\0003\000.\0003\000\040\133\371\171\360\140\047}{section.2.3}% 27
\BOOKMARK [2][]{subsection.2.3.4}{\376\377\0002\000.\0003\000.\0004\000\040\124\150\147\037\140\047}{section.2.3}% 28
\BOOKMARK [1][]{section.2.4}{\376\377\0002\000.\0004\000\040\121\375\145\160\217\355\116\343\116\016\121\375\145\160\145\271\172\013}{chapter.2}% 29
\BOOKMARK [2][]{subsection.2.4.1}{\376\377\0002\000.\0004\000.\0001\000\040\121\375\145\160\166\204\217\355\116\343\116\016\116\015\122\250\160\271}{section.2.4}% 30
\BOOKMARK [2][]{subsection.2.4.2}{\376\377\0002\000.\0004\000.\0002\000\040\173\200\123\125\166\204\121\375\145\160\145\271\172\013}{section.2.4}% 31
\BOOKMARK [0][]{chapter.3}{\376\377\0003\000\040\116\011\211\322\121\375\145\160}{part.2}% 32
\BOOKMARK [1][]{section.3.1}{\376\377\0003\000.\0001\000\040\116\011\211\322\121\375\145\160\166\204\151\202\137\365}{chapter.3}% 33
\BOOKMARK [1][]{section.3.2}{\376\377\0003\000.\0002\000\040\116\011\211\322\121\375\145\160\166\204\121\375\145\160\140\047\215\050}{chapter.3}% 34
\BOOKMARK [1][]{section.3.3}{\376\377\0003\000.\0003\000\040\116\011\211\322\140\122\173\111\123\330\137\142}{chapter.3}% 35
\BOOKMARK [1][]{section.3.4}{\376\377\0003\000.\0004\000\040\153\143\137\046\133\232\164\006\116\016\117\131\137\046\133\232\164\006}{chapter.3}% 36
\BOOKMARK [1][]{section.3.5}{\376\377\0003\000.\0005\000\040\116\011\211\322\143\142\121\103\116\016\116\011\211\322\140\122\173\111\137\017}{chapter.3}% 37
\BOOKMARK [2][]{subsection.3.5.1}{\376\377\0003\000.\0005\000.\0001\000\040\116\011\211\322\143\142\121\103}{section.3.5}% 38
\BOOKMARK [2][]{subsection.3.5.2}{\376\377\0003\000.\0005\000.\0002\000\040\116\011\211\322\140\122\173\111\137\017}{section.3.5}% 39
\BOOKMARK [1][]{section.3.6}{\376\377\0003\000.\0006\000\040\123\315\116\011\211\322\121\375\145\160}{chapter.3}% 40
\BOOKMARK [1][]{section.3.7}{\376\377\0003\000.\0007\000\040\123\314\146\362\121\375\145\160}{chapter.3}% 41
\BOOKMARK [0][]{chapter.4}{\376\377\0004\000\040\136\163\227\142\124\021\221\317\116\016\131\015\145\160}{part.2}% 42
\BOOKMARK [1][]{section.4.1}{\376\377\0004\000.\0001\000\040\136\163\227\142\124\021\221\317\166\204\151\202\137\365}{chapter.4}% 43
\BOOKMARK [1][]{section.4.2}{\376\377\0004\000.\0002\000\040\136\163\227\142\124\021\221\317\127\372\147\054\133\232\164\006\116\016\127\120\150\007\210\150\171\072}{chapter.4}% 44
\BOOKMARK [1][]{section.4.3}{\376\377\0004\000.\0003\000\040\131\015\145\160}{chapter.4}% 45
\BOOKMARK [2][]{subsection.4.3.1}{\376\377\0004\000.\0003\000.\0001\000\040\131\015\145\160\166\204\210\150\171\072}{section.4.3}% 46
\BOOKMARK [2][]{subsection.4.3.2}{\376\377\0004\000.\0003\000.\0002\000\040\131\015\145\160\166\204\217\320\173\227}{section.4.3}% 47
\BOOKMARK [0][]{chapter.5}{\376\377\0005\000\040\145\160\122\027}{part.2}% 48
\BOOKMARK [1][]{section.5.1}{\376\377\0005\000.\0001\000\040\173\111\135\356\145\160\122\027\116\016\173\111\153\324\145\160\122\027}{chapter.5}% 49
\BOOKMARK [1][]{section.5.2}{\376\377\0005\000.\0002\000\040\145\160\122\027\166\204\123\330\137\142}{chapter.5}% 50
\BOOKMARK [1][]{section.5.3}{\376\377\0005\000.\0003\000\040\145\160\133\146\137\122\176\263\154\325}{chapter.5}% 51
\BOOKMARK [0][]{chapter.6}{\376\377\0006\000\040\147\201\226\120\116\016\133\374\145\160}{part.2}% 52
\BOOKMARK [1][]{section.6.1}{\376\377\0006\000.\0001\000\040\147\201\226\120\166\204\151\202\137\365\116\016\217\320\173\227}{chapter.6}% 53
\BOOKMARK [1][]{section.6.2}{\376\377\0006\000.\0002\000\040\133\374\145\160\166\204\151\202\137\365\116\016\217\320\173\227}{chapter.6}% 54
\BOOKMARK [1][]{section.6.3}{\376\377\0006\000.\0003\000\040\133\374\145\160\166\204\136\224\165\050}{chapter.6}% 55
\BOOKMARK [0][]{chapter.7}{\376\377\0007\000\040\116\015\173\111\137\017}{part.2}% 56
\BOOKMARK [1][]{section.7.1}{\376\377\0007\000.\0001\000\040\127\107\120\074\116\015\173\111\137\017}{chapter.7}% 57
\BOOKMARK [1][]{section.7.2}{\376\377\0007\000.\0002\000\040\000C\000a\000u\000c\000h\000y\116\015\173\111\137\017}{chapter.7}% 58
\BOOKMARK [1][]{section.7.3}{\376\377\0007\000.\0003\000\040\143\222\136\217\116\015\173\111\137\017}{chapter.7}% 59
\BOOKMARK [1][]{section.7.4}{\376\377\0007\000.\0004\000\040\121\375\145\160\166\204\121\371\121\370\140\047\116\016\000J\000e\000n\000s\000e\000n\116\015\173\111\137\017}{chapter.7}% 60
\BOOKMARK [1][]{section.7.5}{\376\377\0007\000.\0005\000\040\202\345\136\162\204\127\124\015\116\015\173\111\137\017}{chapter.7}% 61
\BOOKMARK [1][]{section.7.6}{\376\377\0007\000.\0006\000\040\136\070\211\301\116\015\173\111\137\017}{chapter.7}% 62
\BOOKMARK [0][]{chapter.8}{\376\377\0008\000\040\151\202\163\207\060\001\213\241\145\160\116\016\176\304\124\010}{part.2}% 63
\BOOKMARK [1][]{section.8.1}{\376\377\0008\000.\0001\000\040\151\202\163\207\116\016\145\160\133\146\147\037\147\033}{chapter.8}% 64
\BOOKMARK [1][]{section.8.2}{\376\377\0008\000.\0002\000\040\143\222\122\027\176\304\124\010\152\041\127\213}{chapter.8}% 65
\BOOKMARK [1][]{section.8.3}{\376\377\0008\000.\0003\000\040\116\214\230\171\137\017\133\232\164\006}{chapter.8}% 66
\BOOKMARK [0][]{chapter.9}{\376\377\0009\000\040\121\340\117\125\116\055\166\204\215\335\171\273\116\016\211\322\136\246}{part.2}% 67
\BOOKMARK [1][]{section.9.1}{\376\377\0009\000.\0001\000\040\136\070\211\301\136\163\227\142\121\340\117\125\176\323\213\272\040\024\040\024\217\271\225\177}{chapter.9}% 68
\BOOKMARK [1][]{section.9.2}{\376\377\0009\000.\0002\000\040\136\070\211\301\136\163\227\142\121\340\117\125\176\323\213\272\040\024\040\024\116\011\211\322}{chapter.9}% 69
\BOOKMARK [1][]{section.9.3}{\376\377\0009\000.\0003\000\040\136\070\211\301\136\163\227\142\121\340\117\125\176\323\213\272\040\024\040\024\136\163\227\142\124\021\221\317}{chapter.9}% 70
\BOOKMARK [0][]{chapter.10}{\376\377\0001\0000\000\040\211\343\147\220\121\340\117\125}{part.2}% 71
\BOOKMARK [1][]{section.10.1}{\376\377\0001\0000\000.\0001\000\040\136\163\227\142\127\372\147\054\121\103\175\040}{chapter.10}% 72
\BOOKMARK [2][]{subsection.10.1.1}{\376\377\0001\0000\000.\0001\000.\0001\000\040\160\271\116\016\166\364\176\277}{section.10.1}% 73
\BOOKMARK [2][]{subsection.10.1.2}{\376\377\0001\0000\000.\0001\000.\0002\000\040\127\006}{section.10.1}% 74
\BOOKMARK [1][]{section.10.2}{\376\377\0001\0000\000.\0002\000\040\127\006\225\045\146\362\176\277}{chapter.10}% 75
\BOOKMARK [2][]{subsection.10.2.1}{\376\377\0001\0000\000.\0002\000.\0001\000\040\151\055\127\006\116\016\123\314\146\362\176\277}{section.10.2}% 76
\BOOKMARK [2][]{subsection.10.2.2}{\376\377\0001\0000\000.\0002\000.\0002\000\040\173\054\116\214\133\232\116\111\116\016\142\233\162\151\176\277}{section.10.2}% 77
\BOOKMARK [1][]{section.10.3}{\376\377\0001\0000\000.\0003\000\040\127\006\225\045\146\362\176\277\213\241\173\227\142\200\135\347}{chapter.10}% 78
\BOOKMARK [0][]{chapter.11}{\376\377\0001\0001\000\040\172\313\117\123\121\340\117\125}{part.2}% 79
\BOOKMARK [1][]{section.11.1}{\376\377\0001\0001\000.\0001\000\040\172\172\225\364\116\055\166\204\121\340\117\125\117\123}{chapter.11}% 80
\BOOKMARK [1][]{section.11.2}{\376\377\0001\0001\000.\0002\000\040\172\172\225\364\116\055\166\204\117\115\177\156\121\163\174\373}{chapter.11}% 81
\BOOKMARK [1][]{section.11.3}{\376\377\0001\0001\000.\0003\000\040\172\172\225\364\116\055\166\204\215\335\171\273\116\016\211\322\136\246}{chapter.11}% 82
\BOOKMARK [1][]{section.11.4}{\376\377\0001\0001\000.\0004\000\040\131\032\227\142\117\123\116\016\164\003}{chapter.11}% 83
\BOOKMARK [1][]{section.11.5}{\376\377\0001\0001\000.\0005\000\040\172\172\225\364\124\021\221\317}{chapter.11}% 84
