\BOOKMARK [-1][]{part.1}{\376\377\000I\000\040\060\012\176\277\140\047\116\343\145\160\136\224\213\345\217\331\150\067\133\146\060\013}{}% 1
\BOOKMARK [0][]{chapter.1}{\376\377\0001\000\040\124\021\221\317\172\172\225\364}{part.1}% 2
\BOOKMARK [1][]{section.1.1}{\376\377\0001\000.\0001\000\040\116\316\000F\000n\213\364\215\167}{chapter.1}% 3
\BOOKMARK [2][]{subsection.1.1.1}{\376\377\0001\000.\0001\000.\0001\000\040\131\015\145\160\116\016\131\015\145\160\127\337}{section.1.1}% 4
\BOOKMARK [2][]{subsection.1.1.2}{\376\377\0001\000.\0001\000.\0002\000\040\000F\000n}{section.1.1}% 5
\BOOKMARK [1][]{section.1.2}{\376\377\0001\000.\0002\000\040\124\021\221\317\172\172\225\364}{chapter.1}% 6
\BOOKMARK [1][]{section.1.3}{\376\377\0001\000.\0003\000\040\133\120\172\172\225\364}{chapter.1}% 7
\BOOKMARK [2][]{subsection.1.3.1}{\376\377\0001\000.\0003\000.\0001\000\040\133\120\172\172\225\364}{section.1.3}% 8
\BOOKMARK [2][]{subsection.1.3.2}{\376\377\0001\000.\0003\000.\0002\000\040\133\120\172\172\225\364\166\204\124\214}{section.1.3}% 9
\BOOKMARK [2][]{subsection.1.3.3}{\376\377\0001\000.\0003\000.\0003\000\040\166\364\124\214}{section.1.3}% 10
\BOOKMARK [0][]{chapter.2}{\376\377\0002\000\040\147\011\226\120\176\364\124\021\221\317\172\172\225\364}{part.1}% 11
\BOOKMARK [1][]{section.2.1}{\376\377\0002\000.\0001\000\040\147\011\226\120\176\364\124\021\221\317\172\172\225\364}{chapter.2}% 12
\BOOKMARK [2][]{subsection.2.1.1}{\376\377\0002\000.\0001\000.\0001\000\040\137\040\142\020\172\172\225\364}{section.2.1}% 13
\BOOKMARK [2][]{subsection.2.1.2}{\376\377\0002\000.\0001\000.\0002\000\040\147\011\226\120\176\364\124\021\221\317\172\172\225\364}{section.2.1}% 14
\BOOKMARK [1][]{section.2.2}{\376\377\0002\000.\0002\000\040\176\277\140\047\145\340\121\163}{chapter.2}% 15
\BOOKMARK [2][]{subsection.2.2.1}{\376\377\0002\000.\0002\000.\0001\000\040\176\277\140\047\145\340\121\163}{section.2.2}% 16
\BOOKMARK [2][]{subsection.2.2.2}{\376\377\0002\000.\0002\000.\0002\000\040\176\277\140\047\166\370\121\163\140\047\116\016\137\040\142\020}{section.2.2}% 17
\BOOKMARK [1][]{section.2.3}{\376\377\0002\000.\0003\000\040\127\372\116\016\176\364\145\160}{chapter.2}% 18
\BOOKMARK [2][]{subsection.2.3.1}{\376\377\0002\000.\0003\000.\0001\000\040\127\372}{section.2.3}% 19
\BOOKMARK [2][]{subsection.2.3.2}{\376\377\0002\000.\0003\000.\0002\000\040\176\364\145\160}{section.2.3}% 20
\BOOKMARK [0][]{chapter.3}{\376\377\0003\000\040\176\277\140\047\146\040\134\004\116\016\167\351\226\065\164\006\213\272}{part.1}% 21
\BOOKMARK [1][]{section.3.1}{\376\377\0003\000.\0001\000\040\127\372\147\054\151\202\137\365}{chapter.3}% 22
\BOOKMARK [2][]{subsection.3.1.1}{\376\377\0003\000.\0001\000.\0001\000\040\124\021\221\317\172\172\225\364\166\204\176\277\140\047\146\040\134\004}{section.3.1}% 23
\BOOKMARK [2][]{subsection.3.1.2}{\376\377\0003\000.\0001\000.\0002\000\040\176\277\140\047\146\040\134\004\166\204\210\150\171\072\167\351\226\065}{section.3.1}% 24
\BOOKMARK [2][]{subsection.3.1.3}{\376\377\0003\000.\0001\000.\0003\000\040\167\351\226\065\166\204\217\320\173\227}{section.3.1}% 25
\BOOKMARK [1][]{section.3.2}{\376\377\0003\000.\0002\000\040\226\366\172\172\225\364\116\016\120\074\127\337}{chapter.3}% 26
\BOOKMARK [2][]{subsection.3.2.1}{\376\377\0003\000.\0002\000.\0001\000\040\211\343\176\277\140\047\145\271\172\013\176\304\225\356\230\230}{section.3.2}% 27
\BOOKMARK [2][]{subsection.3.2.2}{\376\377\0003\000.\0002\000.\0002\000\040\123\357\220\006\167\351\226\065}{section.3.2}% 28
\BOOKMARK [2][]{subsection.3.2.3}{\376\377\0003\000.\0002\000.\0003\000\040\226\366\172\172\225\364\116\016\120\074\127\337}{section.3.2}% 29
\BOOKMARK [2][]{subsection.3.2.4}{\376\377\0003\000.\0002\000.\0004\000\040\176\277\140\047\146\040\134\004\127\372\147\054\133\232\164\006}{section.3.2}% 30
\BOOKMARK [1][]{section.3.3}{\376\377\0003\000.\0003\000\040\123\357\220\006\140\047\116\016\124\014\147\204\166\204\124\021\221\317\172\172\225\364}{chapter.3}% 31
\BOOKMARK [2][]{subsection.3.3.1}{\376\377\0003\000.\0003\000.\0001\000\040\176\277\140\047\146\040\134\004\166\204\123\357\220\006\140\047}{section.3.3}% 32
\BOOKMARK [2][]{subsection.3.3.2}{\376\377\0003\000.\0003\000.\0002\000\040\124\014\147\204\166\204\124\021\221\317\172\172\225\364}{section.3.3}% 33
\BOOKMARK [2][]{subsection.3.3.3}{\376\377\0003\000.\0003\000.\0003\000\040\127\372\166\204\123\330\143\142}{section.3.3}% 34
\BOOKMARK [1][]{section.3.4}{\376\377\0003\000.\0004\000\040\124\021\221\317\172\172\225\364\166\204\171\357\116\016\125\106}{chapter.3}% 35
\BOOKMARK [1][]{section.3.5}{\376\377\0003\000.\0005\000\040\133\371\120\166\116\016\167\351\226\065\166\204\171\351}{chapter.3}% 36
\BOOKMARK [-1][]{part.2}{\376\377\000I\000I\000\040\060\012\145\160\133\146\122\006\147\220\000I\060\013}{}% 37
\BOOKMARK [0][]{chapter.1}{\376\377\0001\000\040\230\204\131\007\167\345\213\306}{part.2}% 38
\BOOKMARK [1][]{section.1.1}{\376\377\0001\000.\0001\000\040\121\154\164\006\123\026\166\204\226\306\124\010\213\272}{chapter.1}% 39
\BOOKMARK [2][]{subsection.1.1.1}{\376\377\0001\000.\0001\000.\0001\000\040\226\306\124\010\166\204\127\372\147\054\140\047\215\050}{section.1.1}% 40
\BOOKMARK [2][]{subsection.1.1.2}{\376\377\0001\000.\0001\000.\0002\000\040\226\306\124\010\166\204\217\320\173\227}{section.1.1}% 41
\BOOKMARK [2][]{subsection.1.1.3}{\376\377\0001\000.\0001\000.\0003\000\040\145\340\226\120\226\306}{section.1.1}% 42
\BOOKMARK [2][]{subsection.1.1.4}{\376\377\0001\000.\0001\000.\0004\000\040\000R\000u\000s\000s\000e\000l\000l\140\226\213\272}{section.1.1}% 43
\BOOKMARK [2][]{subsection.1.1.5}{\376\377\0001\000.\0001\000.\0005\000\040\220\011\142\351\121\154\164\006}{section.1.1}% 44
\BOOKMARK [1][]{section.1.2}{\376\377\0001\000.\0002\000\040\146\040\134\004\116\016\121\375\145\160}{chapter.1}% 45
\BOOKMARK [1][]{section.1.3}{\376\377\0001\000.\0003\000\040\116\214\121\103\121\163\174\373}{chapter.1}% 46
\BOOKMARK [2][]{subsection.1.3.1}{\376\377\0001\000.\0003\000.\0001\000\040\173\111\116\367\121\163\174\373}{section.1.3}% 47
\BOOKMARK [2][]{subsection.1.3.2}{\376\377\0001\000.\0003\000.\0002\000\040\136\217\121\163\174\373}{section.1.3}% 48
\BOOKMARK [1][]{section.1.4}{\376\377\0001\000.\0004\000\040\226\306\124\010\166\204\127\372\145\160}{chapter.1}% 49
\BOOKMARK [0][]{chapter.2}{\376\377\0002\000\040\133\236\145\160\164\006\213\272}{part.2}% 50
\BOOKMARK [1][]{section.2.1}{\376\377\0002\000.\0001\000\040\201\352\161\066\145\160\226\306\166\204\147\204\220\040\116\016\121\154\164\006\123\026}{chapter.2}% 51
\BOOKMARK [2][]{subsection.2.1.1}{\376\377\0002\000.\0001\000.\0001\000\040\201\352\161\066\145\160\226\306\116\012\166\204\122\240\154\325}{section.2.1}% 52
\BOOKMARK [2][]{subsection.2.1.2}{\376\377\0002\000.\0001\000.\0002\000\040\201\352\161\066\145\160\226\306\116\055\166\204\136\217\121\163\174\373}{section.2.1}% 53
\BOOKMARK [2][]{subsection.2.1.3}{\376\377\0002\000.\0001\000.\0003\000\040\201\352\161\066\145\160\226\306\116\055\166\204\116\130\154\325}{section.2.1}% 54
\BOOKMARK [1][]{section.2.2}{\376\377\0002\000.\0002\000\040\145\164\145\160\163\257\166\204\147\204\220\040}{chapter.2}% 55
\BOOKMARK [1][]{section.2.3}{\376\377\0002\000.\0003\000\040\147\011\164\006\145\160\127\337\166\204\147\204\220\040}{chapter.2}% 56
\BOOKMARK [1][]{section.2.4}{\376\377\0002\000.\0004\000\040\133\236\145\160\166\204\147\204\220\040}{chapter.2}% 57
\BOOKMARK [2][]{subsection.2.4.1}{\376\377\0002\000.\0004\000.\0001\000\040\000D\000e\000d\000e\000k\000i\000n\000d\122\006\122\162}{section.2.4}% 58
\BOOKMARK [2][]{subsection.2.4.2}{\376\377\0002\000.\0004\000.\0002\000\040\133\236\145\160\226\306\116\012\166\204\136\217\176\323\147\204\124\214\116\343\145\160\176\323\147\204}{section.2.4}% 59
\BOOKMARK [1][]{section.2.5}{\376\377\0002\000.\0005\000\040\133\236\145\160\166\204\133\214\131\007\140\047}{chapter.2}% 60
\BOOKMARK [2][]{subsection.2.5.1}{\376\377\0002\000.\0005\000.\0001\000\040\000D\000e\000d\000e\000k\000i\000n\000d\133\232\164\006}{section.2.5}% 61
\BOOKMARK [2][]{subsection.2.5.2}{\376\377\0002\000.\0005\000.\0002\000\040\170\156\165\114\123\237\164\006}{section.2.5}% 62
\BOOKMARK [2][]{subsection.2.5.3}{\376\377\0002\000.\0005\000.\0003\000\040\000H\000e\000i\000n\000e\000-\000B\000o\000r\000e\000l\133\232\164\006}{section.2.5}% 63
\BOOKMARK [1][]{section.2.6}{\376\377\0002\000.\0006\000\040\133\236\145\160\121\154\164\006\116\016\217\333\122\066\174\373\176\337}{chapter.2}% 64
\BOOKMARK [1][]{section.2.7}{\376\377\0002\000.\0007\000\040\123\357\145\160\226\306}{chapter.2}% 65
\BOOKMARK [0][]{chapter.3}{\376\377\0003\000\040\145\160\122\027\116\016\121\375\145\160\166\204\147\201\226\120}{part.2}% 66
\BOOKMARK [1][]{section.3.1}{\376\377\0003\000.\0001\000\040\145\160\122\027\166\204\147\201\226\120}{chapter.3}% 67
\BOOKMARK [2][]{subsection.3.1.1}{\376\377\0003\000.\0001\000.\0001\000\040\145\160\122\027\147\201\226\120\166\204\133\232\116\111\124\214\140\047\215\050}{section.3.1}% 68
\BOOKMARK [2][]{subsection.3.1.2}{\376\377\0003\000.\0001\000.\0002\000\040\145\160\122\027\147\201\226\120\166\204\154\102\211\343}{section.3.1}% 69
\BOOKMARK [1][]{section.3.2}{\376\377\0003\000.\0002\000\040\145\160\122\027\166\204\145\133\145\143\140\047}{chapter.3}% 70
\BOOKMARK [2][]{subsection.3.2.1}{\376\377\0003\000.\0002\000.\0001\000\040\123\125\214\003\145\160\122\027}{section.3.2}% 71
\BOOKMARK [2][]{subsection.3.2.2}{\376\377\0003\000.\0002\000.\0002\000\040\200\132\160\271\116\016\116\012\116\013\147\201\226\120}{section.3.2}% 72
\BOOKMARK [2][]{subsection.3.2.3}{\376\377\0003\000.\0002\000.\0003\000\040\000C\000a\000u\000c\000h\000y\145\066\145\133\121\306\122\031}{section.3.2}% 73
\BOOKMARK [2][]{subsection.3.2.4}{\376\377\0003\000.\0002\000.\0004\000\040\133\236\145\160\133\214\131\007\140\047\133\232\164\006\166\204\131\047\116\000\176\337}{section.3.2}% 74
\BOOKMARK [1][]{section.3.3}{\376\377\0003\000.\0003\000\040\176\247\145\160}{chapter.3}% 75
\BOOKMARK [2][]{subsection.3.3.1}{\376\377\0003\000.\0003\000.\0001\000\040\127\372\147\054\151\202\137\365}{section.3.3}% 76
\BOOKMARK [2][]{subsection.3.3.2}{\376\377\0003\000.\0003\000.\0002\000\040\176\247\145\160\166\204\145\133\145\143\140\047}{section.3.3}% 77
\BOOKMARK [2][]{subsection.3.3.3}{\376\377\0003\000.\0003\000.\0003\000\040\000e\166\204\176\247\145\160\210\150\171\072}{section.3.3}% 78
\BOOKMARK [1][]{section.3.4}{\376\377\0003\000.\0004\000\040\121\375\145\160\166\204\147\201\226\120}{chapter.3}% 79
\BOOKMARK [2][]{subsection.3.4.1}{\376\377\0003\000.\0004\000.\0001\000\040\127\372\147\054\151\202\137\365}{section.3.4}% 80
\BOOKMARK [2][]{subsection.3.4.2}{\376\377\0003\000.\0004\000.\0002\000\040\121\375\145\160\147\201\226\120\166\204\140\047\215\050}{section.3.4}% 81
\BOOKMARK [2][]{subsection.3.4.3}{\376\377\0003\000.\0004\000.\0003\000\040\116\000\202\054\123\026\166\204\147\201\226\120\133\232\116\111}{section.3.4}% 82
\BOOKMARK [2][]{subsection.3.4.4}{\376\377\0003\000.\0004\000.\0004\000\040\121\375\145\160\147\201\226\120\166\204\133\130\127\050\140\047}{section.3.4}% 83
\BOOKMARK [2][]{subsection.3.4.5}{\376\377\0003\000.\0004\000.\0005\000\040\121\375\145\160\156\020\217\333\210\114\116\072\166\204\153\324\217\203}{section.3.4}% 84
\BOOKMARK [0][]{chapter.4}{\376\377\0004\000\040\217\336\176\355\121\375\145\160}{part.2}% 85
\BOOKMARK [1][]{section.4.1}{\376\377\0004\000.\0001\000\040\121\375\145\160\166\204\220\020\160\271\217\336\176\355\124\214\225\364\145\255}{chapter.4}% 86
\BOOKMARK [2][]{subsection.4.1.1}{\376\377\0004\000.\0001\000.\0001\000\040\127\372\147\054\151\202\137\365}{section.4.1}% 87
\BOOKMARK [2][]{subsection.4.1.2}{\376\377\0004\000.\0001\000.\0002\000\040\121\375\145\160\166\204\225\364\145\255\160\271}{section.4.1}% 88
\BOOKMARK [1][]{section.4.2}{\376\377\0004\000.\0002\000\040\225\355\123\072\225\364\116\012\217\336\176\355\121\375\145\160\166\204\140\047\215\050}{chapter.4}% 89
\BOOKMARK [1][]{section.4.3}{\376\377\0004\000.\0003\000\040\136\246\221\317\172\172\225\364\000,\000\040\142\323\142\121\172\172\225\364}{chapter.4}% 90
\BOOKMARK [2][]{subsection.4.3.1}{\376\377\0004\000.\0003\000.\0001\000\040\136\246\221\317\172\172\225\364\123\312\121\166\133\214\131\007\123\026}{section.4.3}% 91
\BOOKMARK [1][]{section.4.4}{\376\377\0004\000.\0004\000\040\217\336\176\355\121\375\145\160\166\204\116\000\202\054\123\026}{chapter.4}% 92
