\BOOKMARK [0][]{chapter.1}{\376\377\0001\000\040\230\204\131\007\167\345\213\306}{}% 1
\BOOKMARK [1][]{section.1.1}{\376\377\0001\000.\0001\000\040\121\154\164\006\123\026\166\204\226\306\124\010\213\272}{chapter.1}% 2
\BOOKMARK [2][]{subsection.1.1.1}{\376\377\0001\000.\0001\000.\0001\000\040\226\306\124\010\166\204\127\372\147\054\140\047\215\050}{section.1.1}% 3
\BOOKMARK [2][]{subsection.1.1.2}{\376\377\0001\000.\0001\000.\0002\000\040\226\306\124\010\166\204\217\320\173\227}{section.1.1}% 4
\BOOKMARK [2][]{subsection.1.1.3}{\376\377\0001\000.\0001\000.\0003\000\040\145\340\226\120\226\306}{section.1.1}% 5
\BOOKMARK [2][]{subsection.1.1.4}{\376\377\0001\000.\0001\000.\0004\000\040\000R\000u\000s\000s\000e\000l\000l\140\226\213\272}{section.1.1}% 6
\BOOKMARK [2][]{subsection.1.1.5}{\376\377\0001\000.\0001\000.\0005\000\040\220\011\142\351\121\154\164\006}{section.1.1}% 7
\BOOKMARK [1][]{section.1.2}{\376\377\0001\000.\0002\000\040\146\040\134\004\116\016\121\375\145\160}{chapter.1}% 8
\BOOKMARK [1][]{section.1.3}{\376\377\0001\000.\0003\000\040\116\214\121\103\121\163\174\373}{chapter.1}% 9
\BOOKMARK [2][]{subsection.1.3.1}{\376\377\0001\000.\0003\000.\0001\000\040\173\111\116\367\121\163\174\373}{section.1.3}% 10
\BOOKMARK [2][]{subsection.1.3.2}{\376\377\0001\000.\0003\000.\0002\000\040\136\217\121\163\174\373}{section.1.3}% 11
\BOOKMARK [1][]{section.1.4}{\376\377\0001\000.\0004\000\040\226\306\124\010\166\204\127\372\145\160}{chapter.1}% 12
\BOOKMARK [0][]{chapter.2}{\376\377\0002\000\040\133\236\145\160\164\006\213\272}{}% 13
\BOOKMARK [1][]{section.2.1}{\376\377\0002\000.\0001\000\040\201\352\161\066\145\160\226\306\166\204\147\204\220\040\116\016\121\154\164\006\123\026}{chapter.2}% 14
\BOOKMARK [2][]{subsection.2.1.1}{\376\377\0002\000.\0001\000.\0001\000\040\201\352\161\066\145\160\226\306\116\012\166\204\122\240\154\325}{section.2.1}% 15
\BOOKMARK [2][]{subsection.2.1.2}{\376\377\0002\000.\0001\000.\0002\000\040\201\352\161\066\145\160\226\306\116\055\166\204\136\217\121\163\174\373}{section.2.1}% 16
\BOOKMARK [2][]{subsection.2.1.3}{\376\377\0002\000.\0001\000.\0003\000\040\201\352\161\066\145\160\226\306\116\055\166\204\116\130\154\325}{section.2.1}% 17
\BOOKMARK [1][]{section.2.2}{\376\377\0002\000.\0002\000\040\145\164\145\160\163\257\166\204\147\204\220\040}{chapter.2}% 18
\BOOKMARK [1][]{section.2.3}{\376\377\0002\000.\0003\000\040\147\011\164\006\145\160\127\337\166\204\147\204\220\040}{chapter.2}% 19
\BOOKMARK [1][]{section.2.4}{\376\377\0002\000.\0004\000\040\133\236\145\160\166\204\147\204\220\040}{chapter.2}% 20
\BOOKMARK [2][]{subsection.2.4.1}{\376\377\0002\000.\0004\000.\0001\000\040\000D\000e\000d\000e\000k\000i\000n\000d\122\006\122\162}{section.2.4}% 21
\BOOKMARK [2][]{subsection.2.4.2}{\376\377\0002\000.\0004\000.\0002\000\040\133\236\145\160\226\306\116\012\166\204\136\217\176\323\147\204\124\214\116\343\145\160\176\323\147\204}{section.2.4}% 22
\BOOKMARK [1][]{section.2.5}{\376\377\0002\000.\0005\000\040\133\236\145\160\166\204\133\214\131\007\140\047}{chapter.2}% 23
\BOOKMARK [2][]{subsection.2.5.1}{\376\377\0002\000.\0005\000.\0001\000\040\000D\000e\000d\000e\000k\000i\000n\000d\133\232\164\006}{section.2.5}% 24
\BOOKMARK [2][]{subsection.2.5.2}{\376\377\0002\000.\0005\000.\0002\000\040\170\156\165\114\123\237\164\006}{section.2.5}% 25
\BOOKMARK [2][]{subsection.2.5.3}{\376\377\0002\000.\0005\000.\0003\000\040\000H\000e\000i\000n\000e\000-\000B\000o\000r\000e\000l\133\232\164\006}{section.2.5}% 26
\BOOKMARK [1][]{section.2.6}{\376\377\0002\000.\0006\000\040\133\236\145\160\121\154\164\006\116\016\217\333\122\066\174\373\176\337}{chapter.2}% 27
\BOOKMARK [1][]{section.2.7}{\376\377\0002\000.\0007\000\040\123\357\145\160\226\306}{chapter.2}% 28
\BOOKMARK [0][]{chapter.3}{\376\377\0003\000\040\145\160\122\027\116\016\121\375\145\160\166\204\147\201\226\120}{}% 29
\BOOKMARK [1][]{section.3.1}{\376\377\0003\000.\0001\000\040\145\160\122\027\166\204\147\201\226\120}{chapter.3}% 30
\BOOKMARK [2][]{subsection.3.1.1}{\376\377\0003\000.\0001\000.\0001\000\040\145\160\122\027\147\201\226\120\166\204\133\232\116\111\124\214\140\047\215\050}{section.3.1}% 31
\BOOKMARK [2][]{subsection.3.1.2}{\376\377\0003\000.\0001\000.\0002\000\040\145\160\122\027\147\201\226\120\166\204\140\047\215\050}{section.3.1}% 32
\BOOKMARK [1][]{section.3.2}{\376\377\0003\000.\0002\000\040\145\160\122\027\166\204\145\133\145\143\140\047}{chapter.3}% 33
\BOOKMARK [2][]{subsection.3.2.1}{\376\377\0003\000.\0002\000.\0001\000\040\123\125\214\003\145\160\122\027}{section.3.2}% 34
\BOOKMARK [2][]{subsection.3.2.2}{\376\377\0003\000.\0002\000.\0002\000\040\200\132\160\271\116\016\116\012\116\013\147\201\226\120}{section.3.2}% 35
\BOOKMARK [2][]{subsection.3.2.3}{\376\377\0003\000.\0002\000.\0003\000\040\000C\000a\000u\000c\000h\000y\145\066\145\133\121\306\122\031}{section.3.2}% 36
\BOOKMARK [2][]{subsection.3.2.4}{\376\377\0003\000.\0002\000.\0004\000\040\133\236\145\160\133\214\131\007\140\047\133\232\164\006\000:\000\040\140\073\176\323}{section.3.2}% 37
\BOOKMARK [1][]{section.3.3}{\376\377\0003\000.\0003\000\040\145\160\230\171\176\247\145\160\166\204\127\372\147\054\167\345\213\306}{chapter.3}% 38
\BOOKMARK [2][]{subsection.3.3.1}{\376\377\0003\000.\0003\000.\0001\000\040\127\372\147\054\151\202\137\365}{section.3.3}% 39
\BOOKMARK [2][]{subsection.3.3.2}{\376\377\0003\000.\0003\000.\0002\000\040\176\247\145\160\166\204\145\133\145\143\140\047}{section.3.3}% 40
\BOOKMARK [2][]{subsection.3.3.3}{\376\377\0003\000.\0003\000.\0003\000\040\000e\166\204\176\247\145\160\210\150\171\072}{section.3.3}% 41
\BOOKMARK [1][]{section.3.4}{\376\377\0003\000.\0004\000\040\121\375\145\160\166\204\147\201\226\120}{chapter.3}% 42
\BOOKMARK [2][]{subsection.3.4.1}{\376\377\0003\000.\0004\000.\0001\000\040\127\372\147\054\151\202\137\365}{section.3.4}% 43
\BOOKMARK [2][]{subsection.3.4.2}{\376\377\0003\000.\0004\000.\0002\000\040\121\375\145\160\147\201\226\120\166\204\140\047\215\050}{section.3.4}% 44
\BOOKMARK [2][]{subsection.3.4.3}{\376\377\0003\000.\0004\000.\0003\000\040\116\000\202\054\123\026\166\204\147\201\226\120\133\232\116\111}{section.3.4}% 45
\BOOKMARK [2][]{subsection.3.4.4}{\376\377\0003\000.\0004\000.\0004\000\040\121\375\145\160\147\201\226\120\166\204\133\130\127\050\140\047}{section.3.4}% 46
\BOOKMARK [2][]{subsection.3.4.5}{\376\377\0003\000.\0004\000.\0005\000\040\121\375\145\160\156\020\217\333\210\114\116\072\166\204\153\324\217\203}{section.3.4}% 47
\BOOKMARK [0][]{chapter.4}{\376\377\0004\000\040\217\336\176\355\121\375\145\160}{}% 48
\BOOKMARK [1][]{section.4.1}{\376\377\0004\000.\0001\000\040\121\375\145\160\166\204\220\020\160\271\217\336\176\355\124\214\225\364\145\255}{chapter.4}% 49
\BOOKMARK [2][]{subsection.4.1.1}{\376\377\0004\000.\0001\000.\0001\000\040\127\372\147\054\151\202\137\365}{section.4.1}% 50
\BOOKMARK [2][]{subsection.4.1.2}{\376\377\0004\000.\0001\000.\0002\000\040\121\375\145\160\166\204\225\364\145\255\160\271}{section.4.1}% 51
\BOOKMARK [1][]{section.4.2}{\376\377\0004\000.\0002\000\040\225\355\123\072\225\364\116\012\217\336\176\355\121\375\145\160\166\204\140\047\215\050}{chapter.4}% 52
\BOOKMARK [1][]{section.4.3}{\376\377\0004\000.\0003\000\040\136\246\221\317\172\172\225\364\123\312\121\166\133\214\131\007\123\026}{chapter.4}% 53
\BOOKMARK [2][]{subsection.4.3.1}{\376\377\0004\000.\0003\000.\0001\000\040\136\246\221\317\172\172\225\364\166\204\127\372\147\054\151\202\137\365}{section.4.3}% 54
\BOOKMARK [2][]{subsection.4.3.2}{\376\377\0004\000.\0003\000.\0002\000\040\136\246\221\317\172\172\225\364\166\204\133\214\131\007\123\026}{section.4.3}% 55
\BOOKMARK [2][]{subsection.4.3.3}{\376\377\0004\000.\0003\000.\0003\000\040\123\213\177\051\146\040\134\004\123\237\164\006}{section.4.3}% 56
\BOOKMARK [1][]{section.4.4}{\376\377\0004\000.\0004\000\040\142\323\142\121\172\172\225\364\166\204\127\372\147\054\151\202\137\365}{chapter.4}% 57
\BOOKMARK [2][]{subsection.4.4.1}{\376\377\0004\000.\0004\000.\0001\000\040\000R\116\012\166\204\220\032\136\070\142\323\142\121}{section.4.4}% 58
\BOOKMARK [2][]{subsection.4.4.2}{\376\377\0004\000.\0004\000.\0002\000\040\142\323\142\121\172\172\225\364}{section.4.4}% 59
\BOOKMARK [1][]{section.4.5}{\376\377\0004\000.\0005\000\040\121\375\145\160\122\027\166\204\220\020\160\271\145\066\145\133\116\016\116\000\201\364\145\066\145\133}{chapter.4}% 60
\BOOKMARK [2][]{subsection.4.5.1}{\376\377\0004\000.\0005\000.\0001\000\040\127\372\147\054\151\202\137\365}{section.4.5}% 61
\BOOKMARK [2][]{subsection.4.5.2}{\376\377\0004\000.\0005\000.\0002\000\040\136\246\221\317\172\172\225\364\000\050\000C\000\050\000[\000a\000,\000b\000]\000\051\000,\000\040\000.\0005\000.\0005\000.\0005\000.\0005\000\051\166\204\133\214\131\007\140\047}{section.4.5}% 62
\BOOKMARK [0][]{chapter.5}{\376\377\0005\000\040\145\066\145\133\140\047\124\214\217\336\176\355\140\047\166\204\116\000\202\054\123\026}{}% 63
\BOOKMARK [1][]{section.5.1}{\376\377\0005\000.\0001\000\040\000R\000n\116\012\166\204\160\271\122\027\147\201\226\120\116\016\217\336\176\355\146\040\134\004}{chapter.5}% 64
\BOOKMARK [2][]{subsection.5.1.1}{\376\377\0005\000.\0001\000.\0001\000\040\160\271\122\027\166\204\147\201\226\120}{section.5.1}% 65
\BOOKMARK [2][]{subsection.5.1.2}{\376\377\0005\000.\0001\000.\0002\000\040\133\236\145\160\133\214\131\007\140\047\133\232\164\006\166\204\143\250\136\177}{section.5.1}% 66
\BOOKMARK [2][]{subsection.5.1.3}{\376\377\0005\000.\0001\000.\0003\000\040\131\032\121\103\121\375\145\160\166\204\221\315\147\201\226\120}{section.5.1}% 67
\BOOKMARK [2][]{subsection.5.1.4}{\376\377\0005\000.\0001\000.\0004\000\040\131\032\121\103\121\375\145\160\166\204\175\057\153\041\147\201\226\120}{section.5.1}% 68
\BOOKMARK [2][]{subsection.5.1.5}{\376\377\0005\000.\0001\000.\0005\000\040\131\032\121\103\121\375\145\160\166\204\217\336\176\355\140\047}{section.5.1}% 69
\BOOKMARK [2][]{subsection.5.1.6}{\376\377\0005\000.\0001\000.\0006\000\040\147\011\165\114\225\355\226\306\116\012\217\336\176\355\121\375\145\160\166\204\140\047\215\050}{section.5.1}% 70
\BOOKMARK [1][]{section.5.2}{\376\377\0005\000.\0002\000\040\136\246\221\317\172\172\225\364\116\012\166\204\160\271\122\027\147\201\226\120\116\016\217\336\176\355\146\040\134\004}{chapter.5}% 71
\BOOKMARK [1][]{section.5.3}{\376\377\0005\000.\0003\000\040\142\323\142\121\172\172\225\364\116\012\166\204\160\271\122\027\147\201\226\120\116\016\217\336\176\355\146\040\134\004}{chapter.5}% 72
\BOOKMARK [2][]{subsection.5.3.1}{\376\377\0005\000.\0003\000.\0001\000\040\142\323\142\121\172\172\225\364\116\055\160\271\122\027\166\204\145\066\145\133\140\047}{section.5.3}% 73
\BOOKMARK [2][]{subsection.5.3.2}{\376\377\0005\000.\0003\000.\0002\000\040\142\323\142\121\172\172\225\364\116\113\225\364\166\204\217\336\176\355\146\040\134\004}{section.5.3}% 74
\BOOKMARK [1][]{section.5.4}{\376\377\0005\000.\0004\000\040\131\032\121\103\121\375\145\160\166\204\147\201\226\120\124\214\217\336\176\355\140\047}{chapter.5}% 75
\BOOKMARK [1][]{section.5.5}{\376\377\0005\000.\0005\000\040\142\323\142\121\116\015\123\330\221\317}{chapter.5}% 76
\BOOKMARK [2][]{subsection.5.5.1}{\376\377\0005\000.\0005\000.\0001\000\040\175\047\226\306\000,\000\040\122\027\175\047\226\306\000,\000\040\147\011\165\114\225\355\226\306}{section.5.5}% 77
