\BOOKMARK [-1][-]{part.1}{\376\377\000I\000\040\060\012\131\145\145\160\145\131\172\013\060\013}{}% 1
\BOOKMARK [0][-]{chapter.1}{\376\377\116\343\145\160}{part.1}% 2
\BOOKMARK [1][-]{section.1.1}{\376\377\116\015\173\111\137\017}{chapter.1}% 3
\BOOKMARK [0][-]{chapter.2}{\376\377\176\304\124\010}{part.1}% 4
\BOOKMARK [-1][-]{part.2}{\376\377\000I\000I\000\040\060\012\124\057\116\034\116\055\133\146\131\145\215\133\145\131\172\013\060\013}{}% 5
\BOOKMARK [0][-]{chapter.1}{\376\377\226\306\124\010}{part.2}% 6
\BOOKMARK [1][-]{section.1.1}{\376\377\226\306\124\010\166\204\151\202\137\365\116\016\217\320\173\227}{chapter.1}% 7
\BOOKMARK [1][-]{section.1.2}{\376\377\147\011\226\120\226\306\124\010\166\204\121\103\175\040\116\052\145\160}{chapter.1}% 8
\BOOKMARK [1][-]{section.1.3}{\376\377\133\120\226\306\166\204\140\047\215\050}{chapter.1}% 9
\BOOKMARK [1][-]{section.1.4}{\376\377\176\374\124\010\230\230\211\343}{chapter.1}% 10
\BOOKMARK [0][-]{chapter.2}{\376\377\121\375\145\160}{part.2}% 11
\BOOKMARK [1][-]{section.2.1}{\376\377\121\375\145\160\151\202\137\365}{chapter.2}% 12
\BOOKMARK [1][-]{section.2.2}{\376\377\121\375\145\160\166\204\140\047\215\050\116\016\126\376\120\317}{chapter.2}% 13
\BOOKMARK [1][-]{section.2.3}{\376\377\116\214\153\041\121\375\145\160\060\001\136\102\121\375\145\160\060\001\143\007\145\160\121\375\145\160\116\016\133\371\145\160\121\375\145\160}{chapter.2}% 14
\BOOKMARK [1][-]{section.2.4}{\376\377\121\375\145\160\166\204\147\000\131\047\120\074\116\016\147\000\134\017\120\074}{chapter.2}% 15
\BOOKMARK [0][-]{chapter.3}{\376\377\145\160\122\027}{part.2}% 16
\BOOKMARK [0][-]{chapter.4}{\376\377\145\160\133\146\137\122\176\263\154\325}{part.2}% 17
\BOOKMARK [0][-]{chapter.5}{\376\377\116\011\211\322\121\375\145\160}{part.2}% 18
\BOOKMARK [1][-]{section.5.1}{\376\377\116\011\211\322\121\375\145\160\166\204\140\047\215\050}{chapter.5}% 19
\BOOKMARK [1][-]{section.5.2}{\376\377\116\011\211\322\121\375\145\160\166\204\140\122\173\111\123\330\137\142}{chapter.5}% 20
\BOOKMARK [1][-]{section.5.3}{\376\377\116\011\211\322\116\015\173\111\137\017\116\016\116\011\211\322\147\201\120\074}{chapter.5}% 21
\BOOKMARK [1][-]{section.5.4}{\376\377\123\315\116\011\211\322\121\375\145\160\123\312\116\011\211\322\145\271\172\013}{chapter.5}% 22
\BOOKMARK [1][-]{section.5.5}{\376\377\176\374\124\010\230\230\211\343}{chapter.5}% 23
