\BOOKMARK [-1][]{part.1}{\376\377\000s\000t\000r\000u\000c\000t\000u\000r\000e\000c\000o\000l\000o\000r\000\040\173\054\116\000\220\350\122\006\000\040\040\024\000\040\000L\000i\000n\000u\000x\217\320\176\364\127\372\170\100}{}% 1
\BOOKMARK [0][]{chapter.1}{\376\377\0001\000\040\000L\000i\000n\000u\000x\127\372\170\100}{part.1}% 2
\BOOKMARK [1][]{section.1.1}{\376\377\0001\000.\0001\000\040\213\241\173\227\147\072\170\154\116\366\166\204\116\224\131\047\123\125\121\103}{chapter.1}% 3
\BOOKMARK [2][]{subsection.1.1.1}{\376\377\0001\000.\0001\000.\0001\000\040\116\055\131\056\131\004\164\006\126\150}{section.1.1}% 4
\BOOKMARK [2][]{subsection.1.1.2}{\376\377\0001\000.\0001\000.\0002\000\040\121\205\133\130}{section.1.1}% 5
\BOOKMARK [2][]{subsection.1.1.3}{\376\377\0001\000.\0001\000.\0003\000\040\146\076\123\141}{section.1.1}% 6
\BOOKMARK [2][]{subsection.1.1.4}{\376\377\0001\000.\0001\000.\0004\000\040\170\301\166\330}{section.1.1}% 7
\BOOKMARK [2][]{subsection.1.1.5}{\376\377\0001\000.\0001\000.\0005\000\040\116\073\147\177}{section.1.1}% 8
\BOOKMARK [2][]{subsection.1.1.6}{\376\377\0001\000.\0001\000.\0006\000\040\165\065\156\220}{section.1.1}% 9
\BOOKMARK [2][]{subsection.1.1.7}{\376\377\0001\000.\0001\000.\0007\000\040\147\015\122\241\126\150}{section.1.1}% 10
\BOOKMARK [1][]{section.1.2}{\376\377\0001\000.\0002\000\040\217\157\116\366\127\372\147\054\167\345\213\306}{chapter.1}% 11
\BOOKMARK [1][]{section.1.3}{\376\377\0001\000.\0003\000\040\000L\000I\000N\000U\000X\000\040\174\373\176\337\116\313\176\315\116\016\163\257\130\203\144\055\136\372\121\306\131\007}{chapter.1}% 12
\BOOKMARK [2][]{subsection.1.3.1}{\376\377\0001\000.\0003\000.\0001\000\040\144\315\117\134\174\373\176\337}{section.1.3}% 13
\BOOKMARK [2][]{subsection.1.3.2}{\376\377\0001\000.\0003\000.\0002\000\040\116\300\116\110\146\057\000L\000i\000n\000u\000x}{section.1.3}% 14
\BOOKMARK [2][]{subsection.1.3.3}{\376\377\0001\000.\0003\000.\0003\000\040\000U\000n\000i\000x\144\315\117\134\174\373\176\337}{section.1.3}% 15
\BOOKMARK [2][]{subsection.1.3.4}{\376\377\0001\000.\0003\000.\0004\000\040\000L\000i\000n\000u\000x\174\373\176\337\123\321\134\125\123\206\172\013}{section.1.3}% 16
\BOOKMARK [2][]{subsection.1.3.5}{\376\377\0001\000.\0003\000.\0005\000\040\000L\000i\000n\000u\000x\000\040\150\070\137\303\151\202\137\365\167\345\213\306}{section.1.3}% 17
\BOOKMARK [1][]{section.1.4}{\376\377\0001\000.\0004\000\040\000C\000e\000n\000t\000o\000s\0007\133\211\210\305}{chapter.1}% 18
\BOOKMARK [2][]{subsection.1.4.1}{\376\377\0001\000.\0004\000.\0001\000\040\000N\000A\000T\000\050\127\060\127\100\217\154\143\142\000\051}{section.1.4}% 19
\BOOKMARK [2][]{subsection.1.4.2}{\376\377\0001\000.\0004\000.\0002\000\040\000B\000r\000i\000d\000g\000e\000d\000\050\150\145\143\245\152\041\137\017\000\051}{section.1.4}% 20
\BOOKMARK [2][]{subsection.1.4.3}{\376\377\0001\000.\0004\000.\0003\000\040\000H\000o\000s\000t\000-\000o\000n\000l\000y\000\050\116\305\116\073\147\072\000\051}{section.1.4}% 21
\BOOKMARK [2][]{subsection.1.4.4}{\376\377\0001\000.\0004\000.\0004\000\040\170\301\166\330\122\006\123\072}{section.1.4}% 22
\BOOKMARK [-1][]{part.2}{\376\377\000s\000t\000r\000u\000c\000t\000u\000r\000e\000c\000o\000l\000o\000r\000\040\173\054\116\214\220\350\122\006\000\040\040\024\000\040\232\330\176\247\150\070\137\303\127\372\170\100\167\345\213\306}{}% 23
\BOOKMARK [0][]{chapter.2}{\376\377\0002\000\040\000L\000i\000n\000u\000x\116\011\122\121\133\242}{part.2}% 24
\BOOKMARK [1][]{section.2.1}{\376\377\0002\000.\0001\000\040\153\143\122\031\210\150\217\276\137\017}{chapter.2}% 25
\BOOKMARK [2][]{subsection.2.1.1}{\376\377\0002\000.\0001\000.\0001\000\040\153\143\122\031\210\150\217\276\137\017\123\357\116\345\120\132\116\300\116\110\000?}{section.2.1}% 26
\BOOKMARK [2][]{subsection.2.1.2}{\376\377\0002\000.\0001\000.\0002\000\040\153\143\122\031\210\150\217\276\137\017\166\204\122\006\174\173}{section.2.1}% 27
\BOOKMARK [2][]{subsection.2.1.3}{\376\377\0002\000.\0001\000.\0003\000\040\000L\000i\000n\000u\000x\000\040\116\055\136\070\165\050\145\207\147\054\135\345\121\167\116\016\153\143\122\031\210\150\217\276\137\017\166\204\121\163\174\373}{section.2.1}% 28
\BOOKMARK [1][]{section.2.2}{\376\377\0002\000.\0002\000\040\000L\000i\000n\000u\000x\116\011\122\121\133\242\117\177\165\050}{chapter.2}% 29
\BOOKMARK [2][]{subsection.2.2.1}{\376\377\0002\000.\0002\000.\0001\000\040\000g\000r\000e\000p\124\175\116\344\000\040\040\023\000\040\137\072\131\047\166\204\145\207\147\054\144\034\175\042\135\345\121\167}{section.2.2}% 30
\BOOKMARK [2][]{subsection.2.2.2}{\376\377\0002\000.\0002\000.\0002\000\040\000s\000e\000d\124\175\116\344\000\040\040\023\000\040\131\004\164\006\177\026\217\221\145\207\147\054\145\207\116\366}{section.2.2}% 31
\BOOKMARK [2][]{subsection.2.2.3}{\376\377\0002\000.\0002\000.\0003\000\040\000a\000w\000k\124\175\116\344\000\040\040\023\000\040\145\207\147\054\124\214\145\160\143\156\217\333\210\114\131\004\164\006\166\204\177\026\172\013\213\355\212\000}{section.2.2}% 32
\BOOKMARK [2][]{subsection.2.2.4}{\376\377\0002\000.\0002\000.\0004\000\040\000a\000w\000k\124\175\116\344\116\113\123\330\221\317}{section.2.2}% 33
\BOOKMARK [3][]{subsubsection.2.2.4.1}{\376\377\0002\000.\0002\000.\0004\000.\0001\000\040\000N\000R\377\014\000N\000F\060\001\000F\000N\000R}{subsection.2.2.4}% 34
\BOOKMARK [3][]{subsubsection.2.2.4.2}{\376\377\0002\000.\0002\000.\0004\000.\0002\000\040\000F\000S\000,\000O\000F\000S\122\006\122\162\173\046}{subsection.2.2.4}% 35
\BOOKMARK [3][]{subsubsection.2.2.4.3}{\376\377\0002\000.\0002\000.\0004\000.\0003\000\040\000R\000S\000,\000O\000R\000S\122\006\226\224\173\046}{subsection.2.2.4}% 36
\BOOKMARK [3][]{subsubsection.2.2.4.4}{\376\377\0002\000.\0002\000.\0004\000.\0004\000\040\000F\000I\000L\000E\000N\000A\000M\000E\146\076\171\072\000a\000w\000k\153\143\127\050\131\004\164\006\145\207\116\366\166\204\124\015\133\127}{subsection.2.2.4}% 37
\BOOKMARK [2][]{subsection.2.2.5}{\376\377\0002\000.\0002\000.\0005\000\040\000a\000w\000k\150\074\137\017\123\026}{section.2.2}% 38
\BOOKMARK [2][]{subsection.2.2.6}{\376\377\0002\000.\0002\000.\0006\000\040\000a\000w\000k\124\175\116\344\116\113\152\041\137\017\000p\000a\000t\000t\000e\000r\000n}{section.2.2}% 39
\BOOKMARK [3][]{subsubsection.2.2.6.1}{\376\377\0002\000.\0002\000.\0006\000.\0001\000\040\000a\000w\000k\152\041\137\017\140\073\176\323}{subsection.2.2.6}% 40
\BOOKMARK [3][]{subsubsection.2.2.6.2}{\376\377\0002\000.\0002\000.\0006\000.\0002\000\040\000a\000w\000k\116\016\153\143\122\031\210\150\217\276\137\017}{subsection.2.2.6}% 41
\BOOKMARK [3][]{subsubsection.2.2.6.3}{\376\377\0002\000.\0002\000.\0006\000.\0003\000\040\000a\000w\000k\176\303\116\140}{subsection.2.2.6}% 42
\BOOKMARK [-1][]{part.3}{\376\377\000s\000t\000r\000u\000c\000t\000u\000r\000e\000c\000o\000l\000o\000r\000\040\173\054\116\011\220\350\122\006\000\040\040\024\000\040\117\001\116\032\176\247\000W\000E\000B\147\015\122\241\116\016\000L\000N\000M\000P\147\266\147\204}{}% 43
\BOOKMARK [0][]{chapter.3}{\376\377\0003\000\040\116\222\200\124\177\121\147\015\122\241\127\372\170\100\116\113\000D\000N\000S\000\046\000S\000S\000H}{part.3}% 44
\BOOKMARK [1][]{section.3.1}{\376\377\0003\000.\0001\000\040\127\372\147\054\177\121\176\334\151\202\137\365\211\343\221\312}{chapter.3}% 45
\BOOKMARK [2][]{subsection.3.1.1}{\376\377\0003\000.\0001\000.\0001\000\040\134\100\127\337\177\121\000|\136\177\127\337\177\121\000|\127\316\127\337\177\121}{section.3.1}% 46
\BOOKMARK [2][]{subsection.3.1.2}{\376\377\0003\000.\0001\000.\0002\000\040\116\300\116\110\146\057\000I\000P\127\060\127\100}{section.3.1}% 47
\BOOKMARK [1][]{section.3.2}{\376\377\0003\000.\0002\000\040\127\337\124\015\174\373\176\337\000\050\000D\000N\000S\000\051}{chapter.3}% 48
\BOOKMARK [2][]{subsection.3.2.1}{\376\377\0003\000.\0002\000.\0001\000\040\000D\000N\000S\000\040\127\337\124\015\211\343\147\220\147\015\122\241}{section.3.2}% 49
\BOOKMARK [2][]{subsection.3.2.2}{\376\377\0003\000.\0002\000.\0002\000\040\000D\000N\000S\211\343\147\220\217\307\172\013}{section.3.2}% 50
\BOOKMARK [2][]{subsection.3.2.3}{\376\377\0003\000.\0002\000.\0003\000\040\147\345\167\013\127\337\124\015\211\343\147\220\121\163\174\373}{section.3.2}% 51
\BOOKMARK [2][]{subsection.3.2.4}{\376\377\0003\000.\0002\000.\0004\000\040\000l\000i\000n\000u\000x\166\204\000D\000N\000S\221\115\177\156\145\207\116\366}{section.3.2}% 52
\BOOKMARK [1][]{section.3.3}{\376\377\0003\000.\0003\000\040\000D\000N\000S\147\015\122\241\144\055\136\372\116\113\000d\000n\000s\000m\000a\000s\000q}{chapter.3}% 53
\BOOKMARK [1][]{section.3.4}{\376\377\0003\000.\0004\000\040\000D\000N\000S\147\015\122\241\144\055\136\372\116\113\000B\000I\000N\000D}{chapter.3}% 54
\BOOKMARK [2][]{subsection.3.4.1}{\376\377\0003\000.\0004\000.\0001\000\040\000D\000N\000S\150\110\117\213}{section.3.4}% 55
\BOOKMARK [1][]{section.3.5}{\376\377\0003\000.\0005\000\040\000s\000s\000h\147\015\122\241\124\214\000S\000S\000H\000D\147\015\122\241\163\257\130\203}{chapter.3}% 56
\BOOKMARK [2][]{subsection.3.5.1}{\376\377\0003\000.\0005\000.\0001\000\040\000s\000s\000h\121\115\133\306\166\173\137\125}{section.3.5}% 57
\BOOKMARK [2][]{subsection.3.5.2}{\376\377\0003\000.\0005\000.\0002\000\040\000S\000S\000H\000D\147\015\122\241\213\346\176\306\221\115\177\156}{section.3.5}% 58
