\BOOKMARK [-1][]{part.1}{\376\377\173\054\116\000\220\350\122\006\000\040\116\000\213\325\116\016\137\072\127\372\220\350\122\006}{}% 1
\BOOKMARK [0][]{chapter.1}{\376\377\0001\000\040\226\306\124\010}{part.1}% 2
\BOOKMARK [1][]{section.1.1}{\376\377\0001\000.\0001\000\040\226\306\124\010\123\312\121\166\217\320\173\227}{chapter.1}% 3
\BOOKMARK [1][]{section.1.2}{\376\377\0001\000.\0002\000\040\226\306\124\010\121\103\175\040\166\204\116\052\145\160}{chapter.1}% 4
\BOOKMARK [1][]{section.1.3}{\376\377\0001\000.\0003\000\040\133\120\226\306\166\204\140\047\215\050}{chapter.1}% 5
\BOOKMARK [0][]{chapter.2}{\376\377\0002\000\040\121\375\145\160}{part.1}% 6
\BOOKMARK [0][]{chapter.3}{\376\377\0003\000\040\116\011\211\322\121\375\145\160}{part.1}% 7
\BOOKMARK [0][]{chapter.4}{\376\377\0004\000\040\136\163\227\142\124\021\221\317}{part.1}% 8
\BOOKMARK [0][]{chapter.5}{\376\377\0005\000\040\131\015\145\160}{part.1}% 9
\BOOKMARK [0][]{chapter.6}{\376\377\0006\000\040\145\160\122\027}{part.1}% 10
\BOOKMARK [0][]{chapter.7}{\376\377\0007\000\040\147\201\226\120\116\016\133\374\145\160}{part.1}% 11
\BOOKMARK [0][]{chapter.8}{\376\377\0008\000\040\116\015\173\111\137\017}{part.1}% 12
\BOOKMARK [0][]{chapter.9}{\376\377\0009\000\040\151\202\163\207\176\337\213\241\116\016\213\241\145\160}{part.1}% 13
\BOOKMARK [0][]{chapter.10}{\376\377\0001\0000\000\040\211\343\147\220\121\340\117\125}{part.1}% 14
\BOOKMARK [0][]{chapter.11}{\376\377\0001\0001\000\040\172\313\117\123\121\340\117\125}{part.1}% 15
\BOOKMARK [-1][]{part.2}{\376\377\173\054\116\214\220\350\122\006\000\040\116\214\213\325\116\016\121\254\116\344\204\045\220\350\122\006}{}% 16
\BOOKMARK [0][]{chapter.1}{\376\377\0001\000\040\116\343\145\160\220\350\122\006}{part.2}% 17
\BOOKMARK [1][]{section.1.1}{\376\377\0001\000.\0001\000\040\116\015\173\111\137\017\225\356\230\230}{chapter.1}% 18
\BOOKMARK [0][]{chapter.2}{\376\377\0002\000\040\121\340\117\125\220\350\122\006}{part.2}% 19
\BOOKMARK [0][]{chapter.3}{\376\377\0003\000\040\176\304\124\010\220\350\122\006}{part.2}% 20
\BOOKMARK [0][]{chapter.4}{\376\377\0004\000\040\145\160\213\272\220\350\122\006}{part.2}% 21
