\BOOKMARK [-1][]{part.1}{\376\377\173\054\116\000\220\350\122\006\000\040\060\012\176\277\140\047\116\343\145\160\217\331\150\067\133\146\060\013\173\024\213\260}{}% 1
\BOOKMARK [0][]{chapter.1}{\376\377\0001\000\040\124\021\221\317\172\172\225\364}{part.1}% 2
\BOOKMARK [1][]{section.1.1}{\376\377\0001\000.\0001\000\040\116\316\000F\000n\213\364\215\167}{chapter.1}% 3
\BOOKMARK [1][]{section.1.2}{\376\377\0001\000.\0002\000\040\124\021\221\317\172\172\225\364}{chapter.1}% 4
\BOOKMARK [1][]{section.1.3}{\376\377\0001\000.\0003\000\040\133\120\172\172\225\364}{chapter.1}% 5
\BOOKMARK [0][]{chapter.2}{\376\377\0002\000\040\147\011\226\120\176\364\124\021\221\317\172\172\225\364}{part.1}% 6
\BOOKMARK [1][]{section.2.1}{\376\377\0002\000.\0001\000\040\147\011\226\120\176\364\124\021\221\317\172\172\225\364}{chapter.2}% 7
\BOOKMARK [1][]{section.2.2}{\376\377\0002\000.\0002\000\040\176\277\140\047\145\340\121\163}{chapter.2}% 8
\BOOKMARK [1][]{section.2.3}{\376\377\0002\000.\0003\000\040\127\372\116\016\176\364\145\160}{chapter.2}% 9
\BOOKMARK [0][]{chapter.3}{\376\377\0003\000\040\176\277\140\047\146\040\134\004}{part.1}% 10
\BOOKMARK [1][]{section.3.1}{\376\377\0003\000.\0001\000\040\124\021\221\317\172\172\225\364\166\204\176\277\140\047\146\040\134\004}{chapter.3}% 11
\BOOKMARK [1][]{section.3.2}{\376\377\0003\000.\0002\000\040\226\366\172\172\225\364\116\016\120\074\127\337}{chapter.3}% 12
\BOOKMARK [1][]{section.3.3}{\376\377\0003\000.\0003\000\040\167\351\226\065}{chapter.3}% 13
\BOOKMARK [1][]{section.3.4}{\376\377\0003\000.\0004\000\040\123\357\220\006\140\047\116\016\124\014\147\204\166\204\124\021\221\317\172\172\225\364}{chapter.3}% 14
\BOOKMARK [-1][]{part.2}{\376\377\173\054\116\214\220\350\122\006\000\040\145\160\133\146\122\006\147\220\000I}{}% 15
\BOOKMARK [0][]{chapter.1}{\376\377\0001\000\040\230\204\131\007\167\345\213\306}{part.2}% 16
\BOOKMARK [1][]{section.1.1}{\376\377\0001\000.\0001\000\040\121\154\164\006\123\026\166\204\226\306\124\010\213\272}{chapter.1}% 17
\BOOKMARK [1][]{section.1.2}{\376\377\0001\000.\0002\000\040\146\040\134\004\116\016\121\375\145\160}{chapter.1}% 18
\BOOKMARK [1][]{section.1.3}{\376\377\0001\000.\0003\000\040\146\040\134\004\116\016\116\214\121\103\121\163\174\373}{chapter.1}% 19
\BOOKMARK [1][]{section.1.4}{\376\377\0001\000.\0004\000\040\226\306\124\010\166\204\127\372\145\160}{chapter.1}% 20
\BOOKMARK [0][]{chapter.2}{\376\377\0002\000\040\127\050\133\236\145\160\116\113\122\115}{part.2}% 21
\BOOKMARK [1][]{section.2.1}{\376\377\0002\000.\0001\000\040\201\352\161\066\145\160\226\306\166\204\147\204\220\040}{chapter.2}% 22
\BOOKMARK [1][]{section.2.2}{\376\377\0002\000.\0002\000\040\145\164\145\160\163\257\166\204\147\204\220\040}{chapter.2}% 23
\BOOKMARK [1][]{section.2.3}{\376\377\0002\000.\0003\000\040\147\011\164\006\145\160\127\337\166\204\147\204\220\040\116\016\127\337\121\154\164\006}{chapter.2}% 24
\BOOKMARK [0][]{chapter.3}{\376\377\0003\000\040\133\236\145\160\164\006\213\272}{part.2}% 25
\BOOKMARK [-1][]{part.3}{\376\377\173\054\116\011\220\350\122\006\000\040\116\000\116\233\147\102\170\216}{}% 26
